{
  "uid" : "4e99ee2eda05d055",
  "name" : "qwerty",
  "fullName" : "qwerty",
  "historyId" : "qwerty",
  "time" : {
    "start" : 1588866533958,
    "stop" : 1588866537558,
    "duration" : 3600
  },
  "status" : "failed",
  "statusMessage" : "  No page found with the given name: Contact\r\n  Expected: not null\r\n  But was:  null\r\n",
  "statusTrace" : "NUnit.Framework.AssertionException:   No page found with the given name: Contact\r\n  Expected: not null\r\n  But was:  null\r\n\r\n   at NUnit.Framework.Assert.ReportFailure(String message) in C:\\src\\nunit\\nunit\\src\\NUnitFramework\\framework\\Assert.cs:line 394\r\n   at NUnit.Framework.Assert.That[TActual](TActual actual, IResolveConstraint expression, String message, Object[] args) in C:\\src\\nunit\\nunit\\src\\NUnitFramework\\framework\\Assert.That.cs:line 248\r\n   at cdafn_base.AzDOIntegration.StepDefinitions.AzureDevOpsDemoSteps.WhenThePageIsSelected(String page) in C:\\Users\\Testing\\CSharpAgent\\_work\\1\\s\\cdafn-base\\AzDOIntegration\\StepDefinitions\\AzureDevOpsDemoSteps.cs:line 50\r\n   at TechTalk.SpecFlow.Bindings.BindingInvoker.InvokeBinding(IBinding binding, IContextManager contextManager, Object[] arguments, ITestTracer testTracer, TimeSpan& duration) in D:\\a\\1\\s\\TechTalk.SpecFlow\\Bindings\\BindingInvoker.cs:line 69\r\n   at Allure.SpecFlowPlugin.AllureBindingInvoker.InvokeBinding(IBinding binding, IContextManager contextManager, Object[] arguments, ITestTracer testTracer, TimeSpan& duration)\r\n   at TechTalk.SpecFlow.Infrastructure.TestExecutionEngine.ExecuteStepMatch(BindingMatch match, Object[] arguments) in D:\\a\\1\\s\\TechTalk.SpecFlow\\Infrastructure\\TestExecutionEngine.cs:line 517\r\n   at TechTalk.SpecFlow.Infrastructure.TestExecutionEngine.ExecuteStep(IContextManager contextManager, StepInstance stepInstance) in D:\\a\\1\\s\\TechTalk.SpecFlow\\Infrastructure\\TestExecutionEngine.cs:line 422",
  "flaky" : false,
  "newFailed" : false,
  "beforeStages" : [ {
    "name" : "Tags [10000]",
    "time" : {
      "start" : 1588866531503,
      "stop" : 1588866531503,
      "duration" : 0
    },
    "status" : "passed",
    "steps" : [ ],
    "attachments" : [ ],
    "parameters" : [ ],
    "stepsCount" : 0,
    "hasContent" : false,
    "attachmentsCount" : 0,
    "shouldDisplayMessage" : false
  }, {
    "name" : "BeforeScenario [10000]",
    "time" : {
      "start" : 1588866531503,
      "stop" : 1588866533901,
      "duration" : 2398
    },
    "status" : "passed",
    "steps" : [ ],
    "attachments" : [ ],
    "parameters" : [ ],
    "stepsCount" : 0,
    "hasContent" : false,
    "attachmentsCount" : 0,
    "shouldDisplayMessage" : false
  }, {
    "name" : "BeforeFeature [10000]",
    "time" : {
      "start" : 1588866524891,
      "stop" : 1588866524895,
      "duration" : 4
    },
    "status" : "passed",
    "steps" : [ ],
    "attachments" : [ ],
    "parameters" : [ ],
    "stepsCount" : 0,
    "hasContent" : false,
    "attachmentsCount" : 0,
    "shouldDisplayMessage" : false
  } ],
  "testStage" : {
    "status" : "failed",
    "statusMessage" : "  No page found with the given name: Contact\r\n  Expected: not null\r\n  But was:  null\r\n",
    "statusTrace" : "NUnit.Framework.AssertionException:   No page found with the given name: Contact\r\n  Expected: not null\r\n  But was:  null\r\n\r\n   at NUnit.Framework.Assert.ReportFailure(String message) in C:\\src\\nunit\\nunit\\src\\NUnitFramework\\framework\\Assert.cs:line 394\r\n   at NUnit.Framework.Assert.That[TActual](TActual actual, IResolveConstraint expression, String message, Object[] args) in C:\\src\\nunit\\nunit\\src\\NUnitFramework\\framework\\Assert.That.cs:line 248\r\n   at cdafn_base.AzDOIntegration.StepDefinitions.AzureDevOpsDemoSteps.WhenThePageIsSelected(String page) in C:\\Users\\Testing\\CSharpAgent\\_work\\1\\s\\cdafn-base\\AzDOIntegration\\StepDefinitions\\AzureDevOpsDemoSteps.cs:line 50\r\n   at TechTalk.SpecFlow.Bindings.BindingInvoker.InvokeBinding(IBinding binding, IContextManager contextManager, Object[] arguments, ITestTracer testTracer, TimeSpan& duration) in D:\\a\\1\\s\\TechTalk.SpecFlow\\Bindings\\BindingInvoker.cs:line 69\r\n   at Allure.SpecFlowPlugin.AllureBindingInvoker.InvokeBinding(IBinding binding, IContextManager contextManager, Object[] arguments, ITestTracer testTracer, TimeSpan& duration)\r\n   at TechTalk.SpecFlow.Infrastructure.TestExecutionEngine.ExecuteStepMatch(BindingMatch match, Object[] arguments) in D:\\a\\1\\s\\TechTalk.SpecFlow\\Infrastructure\\TestExecutionEngine.cs:line 517\r\n   at TechTalk.SpecFlow.Infrastructure.TestExecutionEngine.ExecuteStep(IContextManager contextManager, StepInstance stepInstance) in D:\\a\\1\\s\\TechTalk.SpecFlow\\Infrastructure\\TestExecutionEngine.cs:line 422",
    "steps" : [ {
      "name" : "Given  the customer is on the test target app",
      "time" : {
        "start" : 1588866533958,
        "stop" : 1588866537409,
        "duration" : 3451
      },
      "status" : "passed",
      "steps" : [ ],
      "attachments" : [ ],
      "parameters" : [ ],
      "stepsCount" : 0,
      "hasContent" : false,
      "attachmentsCount" : 0,
      "shouldDisplayMessage" : false
    }, {
      "name" : "When  the 'Contact' page is selected",
      "time" : {
        "start" : 1588866537411,
        "stop" : 1588866537549,
        "duration" : 138
      },
      "status" : "failed",
      "steps" : [ ],
      "attachments" : [ ],
      "parameters" : [ ],
      "stepsCount" : 0,
      "hasContent" : false,
      "attachmentsCount" : 0,
      "shouldDisplayMessage" : false
    }, {
      "name" : "Then  the page contains the phrase 'Contact'",
      "time" : {
        "start" : 1588866537550,
        "stop" : 1588866537551,
        "duration" : 1
      },
      "status" : "skipped",
      "steps" : [ ],
      "attachments" : [ ],
      "parameters" : [ ],
      "stepsCount" : 0,
      "hasContent" : false,
      "attachmentsCount" : 0,
      "shouldDisplayMessage" : false
    } ],
    "attachments" : [ ],
    "parameters" : [ ],
    "stepsCount" : 3,
    "hasContent" : true,
    "attachmentsCount" : 0,
    "shouldDisplayMessage" : true
  },
  "afterStages" : [ {
    "name" : "AfterScenario [10000]",
    "time" : {
      "start" : 1588866537559,
      "stop" : 1588866537711,
      "duration" : 152
    },
    "status" : "passed",
    "steps" : [ ],
    "attachments" : [ ],
    "parameters" : [ ],
    "stepsCount" : 0,
    "hasContent" : false,
    "attachmentsCount" : 0,
    "shouldDisplayMessage" : false
  } ],
  "labels" : [ {
    "name" : "thread",
    "value" : "NonParallelWorker"
  }, {
    "name" : "host",
    "value" : "TACI-EUD-DP"
  }, {
    "name" : "feature",
    "value" : "aa"
  }, {
    "name" : "tag",
    "value" : "web"
  }, {
    "name" : "resultFormat",
    "value" : "allure2"
  } ],
  "parameters" : [ ],
  "links" : [ ],
  "hidden" : false,
  "retry" : false,
  "extra" : {
    "severity" : "normal",
    "retries" : [ {
      "uid" : "91bff26cb4f32eb",
      "status" : "failed",
      "statusDetails" : "  No page found with the given name: Contact\r\n  Expected: not null\r\n  But was:  null\r\n",
      "time" : {
        "start" : 1588860933055,
        "stop" : 1588860938477,
        "duration" : 5422
      }
    }, {
      "uid" : "dc5699918832b628",
      "status" : "failed",
      "statusDetails" : "  No page found with the given name: Contact\r\n  Expected: not null\r\n  But was:  null\r\n",
      "time" : {
        "start" : 1588847903477,
        "stop" : 1588847912095,
        "duration" : 8618
      }
    }, {
      "uid" : "d5b3a47df512267a",
      "status" : "failed",
      "statusDetails" : "  No page found with the given name: Contact\r\n  Expected: not null\r\n  But was:  null\r\n",
      "time" : {
        "start" : 1588781168925,
        "stop" : 1588781170890,
        "duration" : 1965
      }
    }, {
      "uid" : "9e7918bb00e52428",
      "status" : "failed",
      "statusDetails" : "  No page found with the given name: Contact\r\n  Expected: not null\r\n  But was:  null\r\n",
      "time" : {
        "start" : 1588781031196,
        "stop" : 1588781033571,
        "duration" : 2375
      }
    }, {
      "uid" : "a0ad4ada30dff667",
      "status" : "failed",
      "statusDetails" : "  No page found with the given name: Contact\r\n  Expected: not null\r\n  But was:  null\r\n",
      "time" : {
        "start" : 1588780562037,
        "stop" : 1588780562686,
        "duration" : 649
      }
    } ],
    "categories" : [ {
      "name" : "Product defects",
      "matchedStatuses" : [ ],
      "flaky" : false
    } ],
    "tags" : [ "web" ]
  },
  "source" : "4e99ee2eda05d055.json",
  "parameterValues" : [ ]
}