{
  "uid" : "525aebccc9f3a4d",
  "name" : "Check Index Page",
  "fullName" : "Check Index Page",
  "historyId" : "Check Index Page",
  "time" : {
    "start" : 1588847944038,
    "stop" : 1588847944500,
    "duration" : 462
  },
  "status" : "failed",
  "statusMessage" : "  No page found with the given name: Contact\r\n  Expected: not null\r\n  But was:  null\r\n",
  "statusTrace" : "NUnit.Framework.AssertionException:   No page found with the given name: Contact\r\n  Expected: not null\r\n  But was:  null\r\n\r\n   at NUnit.Framework.Assert.ReportFailure(String message) in C:\\src\\nunit\\nunit\\src\\NUnitFramework\\framework\\Assert.cs:line 394\r\n   at NUnit.Framework.Assert.That[TActual](TActual actual, IResolveConstraint expression, String message, Object[] args) in C:\\src\\nunit\\nunit\\src\\NUnitFramework\\framework\\Assert.That.cs:line 248\r\n   at cdafn_base.AzDOIntegration.StepDefinitions.AzureDevOpsDemoSteps.WhenThePageIsSelected(String page) in C:\\Users\\Testing\\CSharpAgent\\_work\\1\\s\\cdafn-base\\AzDOIntegration\\StepDefinitions\\AzureDevOpsDemoSteps.cs:line 50\r\n   at TechTalk.SpecFlow.Bindings.BindingInvoker.InvokeBinding(IBinding binding, IContextManager contextManager, Object[] arguments, ITestTracer testTracer, TimeSpan& duration) in D:\\a\\1\\s\\TechTalk.SpecFlow\\Bindings\\BindingInvoker.cs:line 69\r\n   at Allure.SpecFlowPlugin.AllureBindingInvoker.InvokeBinding(IBinding binding, IContextManager contextManager, Object[] arguments, ITestTracer testTracer, TimeSpan& duration)\r\n   at TechTalk.SpecFlow.Infrastructure.TestExecutionEngine.ExecuteStepMatch(BindingMatch match, Object[] arguments) in D:\\a\\1\\s\\TechTalk.SpecFlow\\Infrastructure\\TestExecutionEngine.cs:line 517\r\n   at TechTalk.SpecFlow.Infrastructure.TestExecutionEngine.ExecuteStep(IContextManager contextManager, StepInstance stepInstance) in D:\\a\\1\\s\\TechTalk.SpecFlow\\Infrastructure\\TestExecutionEngine.cs:line 422",
  "flaky" : false,
  "newFailed" : false,
  "beforeStages" : [ {
    "name" : "Tags [10000]",
    "time" : {
      "start" : 1588847941209,
      "stop" : 1588847941209,
      "duration" : 0
    },
    "status" : "passed",
    "steps" : [ ],
    "attachments" : [ ],
    "parameters" : [ ],
    "shouldDisplayMessage" : false,
    "attachmentsCount" : 0,
    "stepsCount" : 0,
    "hasContent" : false
  }, {
    "name" : "BeforeScenario [10000]",
    "time" : {
      "start" : 1588847941209,
      "stop" : 1588847943979,
      "duration" : 2770
    },
    "status" : "passed",
    "steps" : [ ],
    "attachments" : [ ],
    "parameters" : [ ],
    "shouldDisplayMessage" : false,
    "attachmentsCount" : 0,
    "stepsCount" : 0,
    "hasContent" : false
  }, {
    "name" : "BeforeFeature [10000]",
    "time" : {
      "start" : 1588847912718,
      "stop" : 1588847912718,
      "duration" : 0
    },
    "status" : "passed",
    "steps" : [ ],
    "attachments" : [ ],
    "parameters" : [ ],
    "shouldDisplayMessage" : false,
    "attachmentsCount" : 0,
    "stepsCount" : 0,
    "hasContent" : false
  } ],
  "testStage" : {
    "status" : "failed",
    "statusMessage" : "  No page found with the given name: Contact\r\n  Expected: not null\r\n  But was:  null\r\n",
    "statusTrace" : "NUnit.Framework.AssertionException:   No page found with the given name: Contact\r\n  Expected: not null\r\n  But was:  null\r\n\r\n   at NUnit.Framework.Assert.ReportFailure(String message) in C:\\src\\nunit\\nunit\\src\\NUnitFramework\\framework\\Assert.cs:line 394\r\n   at NUnit.Framework.Assert.That[TActual](TActual actual, IResolveConstraint expression, String message, Object[] args) in C:\\src\\nunit\\nunit\\src\\NUnitFramework\\framework\\Assert.That.cs:line 248\r\n   at cdafn_base.AzDOIntegration.StepDefinitions.AzureDevOpsDemoSteps.WhenThePageIsSelected(String page) in C:\\Users\\Testing\\CSharpAgent\\_work\\1\\s\\cdafn-base\\AzDOIntegration\\StepDefinitions\\AzureDevOpsDemoSteps.cs:line 50\r\n   at TechTalk.SpecFlow.Bindings.BindingInvoker.InvokeBinding(IBinding binding, IContextManager contextManager, Object[] arguments, ITestTracer testTracer, TimeSpan& duration) in D:\\a\\1\\s\\TechTalk.SpecFlow\\Bindings\\BindingInvoker.cs:line 69\r\n   at Allure.SpecFlowPlugin.AllureBindingInvoker.InvokeBinding(IBinding binding, IContextManager contextManager, Object[] arguments, ITestTracer testTracer, TimeSpan& duration)\r\n   at TechTalk.SpecFlow.Infrastructure.TestExecutionEngine.ExecuteStepMatch(BindingMatch match, Object[] arguments) in D:\\a\\1\\s\\TechTalk.SpecFlow\\Infrastructure\\TestExecutionEngine.cs:line 517\r\n   at TechTalk.SpecFlow.Infrastructure.TestExecutionEngine.ExecuteStep(IContextManager contextManager, StepInstance stepInstance) in D:\\a\\1\\s\\TechTalk.SpecFlow\\Infrastructure\\TestExecutionEngine.cs:line 422",
    "steps" : [ {
      "name" : "Given  the customer is on the test target app",
      "time" : {
        "start" : 1588847944039,
        "stop" : 1588847944472,
        "duration" : 433
      },
      "status" : "passed",
      "steps" : [ ],
      "attachments" : [ ],
      "parameters" : [ ],
      "shouldDisplayMessage" : false,
      "attachmentsCount" : 0,
      "stepsCount" : 0,
      "hasContent" : false
    }, {
      "name" : "When  the 'Contact' page is selected",
      "time" : {
        "start" : 1588847944472,
        "stop" : 1588847944499,
        "duration" : 27
      },
      "status" : "failed",
      "steps" : [ ],
      "attachments" : [ ],
      "parameters" : [ ],
      "shouldDisplayMessage" : false,
      "attachmentsCount" : 0,
      "stepsCount" : 0,
      "hasContent" : false
    }, {
      "name" : "Then  the page contains the phrase 'Contact'",
      "time" : {
        "start" : 1588847944500,
        "stop" : 1588847944500,
        "duration" : 0
      },
      "status" : "skipped",
      "steps" : [ ],
      "attachments" : [ ],
      "parameters" : [ ],
      "shouldDisplayMessage" : false,
      "attachmentsCount" : 0,
      "stepsCount" : 0,
      "hasContent" : false
    } ],
    "attachments" : [ ],
    "parameters" : [ ],
    "shouldDisplayMessage" : true,
    "attachmentsCount" : 0,
    "stepsCount" : 3,
    "hasContent" : true
  },
  "afterStages" : [ {
    "name" : "AfterScenario [10000]",
    "time" : {
      "start" : 1588847944500,
      "stop" : 1588847944884,
      "duration" : 384
    },
    "status" : "passed",
    "steps" : [ ],
    "attachments" : [ ],
    "parameters" : [ ],
    "shouldDisplayMessage" : false,
    "attachmentsCount" : 0,
    "stepsCount" : 0,
    "hasContent" : false
  } ],
  "labels" : [ {
    "name" : "thread",
    "value" : "NonParallelWorker"
  }, {
    "name" : "host",
    "value" : "TACI-EUD-DP"
  }, {
    "name" : "feature",
    "value" : ""
  }, {
    "name" : "tag",
    "value" : "devopsTest"
  }, {
    "name" : "resultFormat",
    "value" : "allure2"
  } ],
  "parameters" : [ ],
  "links" : [ ],
  "hidden" : false,
  "retry" : false,
  "extra" : {
    "severity" : "normal",
    "retries" : [ {
      "uid" : "3cb74ccfb3a780fc",
      "status" : "failed",
      "statusDetails" : "  No page found with the given name: Contact\r\n  Expected: not null\r\n  But was:  null\r\n",
      "time" : {
        "start" : 1588781199197,
        "stop" : 1588781199580,
        "duration" : 383
      }
    }, {
      "uid" : "29f4ce0b18cf486c",
      "status" : "failed",
      "statusDetails" : "  No page found with the given name: Contact\r\n  Expected: not null\r\n  But was:  null\r\n",
      "time" : {
        "start" : 1588781057001,
        "stop" : 1588781057399,
        "duration" : 398
      }
    }, {
      "uid" : "f14ba2aca45df237",
      "status" : "failed",
      "statusDetails" : "  No page found with the given name: Contact\r\n  Expected: not null\r\n  But was:  null\r\n",
      "time" : {
        "start" : 1588780589159,
        "stop" : 1588780591047,
        "duration" : 1888
      }
    } ],
    "categories" : [ {
      "name" : "Product defects",
      "matchedStatuses" : [ ],
      "flaky" : false
    } ],
    "tags" : [ "devopsTest" ]
  },
  "source" : "525aebccc9f3a4d.json",
  "parameterValues" : [ ]
}