{
  "uid" : "6de3f2c87a301e87",
  "name" : "Check About Page",
  "fullName" : "Check About Page",
  "historyId" : "Check About Page",
  "time" : {
    "start" : 1588780568293,
    "stop" : 1588780568653,
    "duration" : 360
  },
  "status" : "failed",
  "statusMessage" : "  No page found with the given name: FixCo\r\n  Expected: not null\r\n  But was:  null\r\n",
  "statusTrace" : "NUnit.Framework.AssertionException:   No page found with the given name: FixCo\r\n  Expected: not null\r\n  But was:  null\r\n\r\n   at NUnit.Framework.Assert.ReportFailure(String message) in C:\\src\\nunit\\nunit\\src\\NUnitFramework\\framework\\Assert.cs:line 394\r\n   at NUnit.Framework.Assert.That[TActual](TActual actual, IResolveConstraint expression, String message, Object[] args) in C:\\src\\nunit\\nunit\\src\\NUnitFramework\\framework\\Assert.That.cs:line 248\r\n   at cdafn_base.AzDOIntegration.StepDefinitions.AzureDevOpsDemoSteps.WhenThePageIsSelected(String page) in C:\\Users\\Testing\\CSharpAgent\\_work\\1\\s\\cdafn-base\\AzDOIntegration\\StepDefinitions\\AzureDevOpsDemoSteps.cs:line 50\r\n   at TechTalk.SpecFlow.Bindings.BindingInvoker.InvokeBinding(IBinding binding, IContextManager contextManager, Object[] arguments, ITestTracer testTracer, TimeSpan& duration) in D:\\a\\1\\s\\TechTalk.SpecFlow\\Bindings\\BindingInvoker.cs:line 69\r\n   at Allure.SpecFlowPlugin.AllureBindingInvoker.InvokeBinding(IBinding binding, IContextManager contextManager, Object[] arguments, ITestTracer testTracer, TimeSpan& duration)\r\n   at TechTalk.SpecFlow.Infrastructure.TestExecutionEngine.ExecuteStepMatch(BindingMatch match, Object[] arguments) in D:\\a\\1\\s\\TechTalk.SpecFlow\\Infrastructure\\TestExecutionEngine.cs:line 517\r\n   at TechTalk.SpecFlow.Infrastructure.TestExecutionEngine.ExecuteStep(IContextManager contextManager, StepInstance stepInstance) in D:\\a\\1\\s\\TechTalk.SpecFlow\\Infrastructure\\TestExecutionEngine.cs:line 422",
  "flaky" : false,
  "newFailed" : false,
  "beforeStages" : [ {
    "name" : "Tags [10000]",
    "time" : {
      "start" : 1588780566020,
      "stop" : 1588780566020,
      "duration" : 0
    },
    "status" : "passed",
    "steps" : [ ],
    "attachments" : [ ],
    "parameters" : [ ],
    "shouldDisplayMessage" : false,
    "attachmentsCount" : 0,
    "hasContent" : false,
    "stepsCount" : 0
  }, {
    "name" : "BeforeScenario [10000]",
    "time" : {
      "start" : 1588780566020,
      "stop" : 1588780568293,
      "duration" : 2273
    },
    "status" : "passed",
    "steps" : [ ],
    "attachments" : [ ],
    "parameters" : [ ],
    "shouldDisplayMessage" : false,
    "attachmentsCount" : 0,
    "hasContent" : false,
    "stepsCount" : 0
  }, {
    "name" : "BeforeFeature [10000]",
    "time" : {
      "start" : 1588780563139,
      "stop" : 1588780563139,
      "duration" : 0
    },
    "status" : "passed",
    "steps" : [ ],
    "attachments" : [ ],
    "parameters" : [ ],
    "shouldDisplayMessage" : false,
    "attachmentsCount" : 0,
    "hasContent" : false,
    "stepsCount" : 0
  } ],
  "testStage" : {
    "status" : "failed",
    "statusMessage" : "  No page found with the given name: FixCo\r\n  Expected: not null\r\n  But was:  null\r\n",
    "statusTrace" : "NUnit.Framework.AssertionException:   No page found with the given name: FixCo\r\n  Expected: not null\r\n  But was:  null\r\n\r\n   at NUnit.Framework.Assert.ReportFailure(String message) in C:\\src\\nunit\\nunit\\src\\NUnitFramework\\framework\\Assert.cs:line 394\r\n   at NUnit.Framework.Assert.That[TActual](TActual actual, IResolveConstraint expression, String message, Object[] args) in C:\\src\\nunit\\nunit\\src\\NUnitFramework\\framework\\Assert.That.cs:line 248\r\n   at cdafn_base.AzDOIntegration.StepDefinitions.AzureDevOpsDemoSteps.WhenThePageIsSelected(String page) in C:\\Users\\Testing\\CSharpAgent\\_work\\1\\s\\cdafn-base\\AzDOIntegration\\StepDefinitions\\AzureDevOpsDemoSteps.cs:line 50\r\n   at TechTalk.SpecFlow.Bindings.BindingInvoker.InvokeBinding(IBinding binding, IContextManager contextManager, Object[] arguments, ITestTracer testTracer, TimeSpan& duration) in D:\\a\\1\\s\\TechTalk.SpecFlow\\Bindings\\BindingInvoker.cs:line 69\r\n   at Allure.SpecFlowPlugin.AllureBindingInvoker.InvokeBinding(IBinding binding, IContextManager contextManager, Object[] arguments, ITestTracer testTracer, TimeSpan& duration)\r\n   at TechTalk.SpecFlow.Infrastructure.TestExecutionEngine.ExecuteStepMatch(BindingMatch match, Object[] arguments) in D:\\a\\1\\s\\TechTalk.SpecFlow\\Infrastructure\\TestExecutionEngine.cs:line 517\r\n   at TechTalk.SpecFlow.Infrastructure.TestExecutionEngine.ExecuteStep(IContextManager contextManager, StepInstance stepInstance) in D:\\a\\1\\s\\TechTalk.SpecFlow\\Infrastructure\\TestExecutionEngine.cs:line 422",
    "steps" : [ {
      "name" : "Given  the customer is on the test target app",
      "time" : {
        "start" : 1588780568293,
        "stop" : 1588780568636,
        "duration" : 343
      },
      "status" : "passed",
      "steps" : [ ],
      "attachments" : [ ],
      "parameters" : [ ],
      "shouldDisplayMessage" : false,
      "attachmentsCount" : 0,
      "hasContent" : false,
      "stepsCount" : 0
    }, {
      "name" : "When  the 'FixCo' page is selected",
      "time" : {
        "start" : 1588780568636,
        "stop" : 1588780568652,
        "duration" : 16
      },
      "status" : "failed",
      "steps" : [ ],
      "attachments" : [ ],
      "parameters" : [ ],
      "shouldDisplayMessage" : false,
      "attachmentsCount" : 0,
      "hasContent" : false,
      "stepsCount" : 0
    }, {
      "name" : "Then  the page contains the phrase 'FixCo'",
      "time" : {
        "start" : 1588780568652,
        "stop" : 1588780568652,
        "duration" : 0
      },
      "status" : "skipped",
      "steps" : [ ],
      "attachments" : [ ],
      "parameters" : [ ],
      "shouldDisplayMessage" : false,
      "attachmentsCount" : 0,
      "hasContent" : false,
      "stepsCount" : 0
    } ],
    "attachments" : [ ],
    "parameters" : [ ],
    "shouldDisplayMessage" : true,
    "attachmentsCount" : 0,
    "hasContent" : true,
    "stepsCount" : 3
  },
  "afterStages" : [ {
    "name" : "AfterScenario [10000]",
    "time" : {
      "start" : 1588780568653,
      "stop" : 1588780568828,
      "duration" : 175
    },
    "status" : "passed",
    "steps" : [ ],
    "attachments" : [ ],
    "parameters" : [ ],
    "shouldDisplayMessage" : false,
    "attachmentsCount" : 0,
    "hasContent" : false,
    "stepsCount" : 0
  } ],
  "labels" : [ {
    "name" : "thread",
    "value" : "NonParallelWorker"
  }, {
    "name" : "host",
    "value" : "TACI-EUD-DP"
  }, {
    "name" : "feature",
    "value" : ""
  }, {
    "name" : "resultFormat",
    "value" : "allure2"
  } ],
  "parameters" : [ ],
  "links" : [ ],
  "hidden" : true,
  "retry" : true,
  "extra" : {
    "categories" : [ ],
    "tags" : [ ]
  },
  "source" : "6de3f2c87a301e87.json",
  "parameterValues" : [ ]
}