{
  "uid" : "6e103a8d041ad224",
  "name" : "Check About Page",
  "fullName" : "Check About Page",
  "historyId" : "Check About Page",
  "time" : {
    "start" : 1588860947460,
    "stop" : 1588860947983,
    "duration" : 523
  },
  "status" : "failed",
  "statusMessage" : "  No page found with the given name: FixCo\r\n  Expected: not null\r\n  But was:  null\r\n",
  "statusTrace" : "NUnit.Framework.AssertionException:   No page found with the given name: FixCo\r\n  Expected: not null\r\n  But was:  null\r\n\r\n   at NUnit.Framework.Assert.ReportFailure(String message) in C:\\src\\nunit\\nunit\\src\\NUnitFramework\\framework\\Assert.cs:line 394\r\n   at NUnit.Framework.Assert.That[TActual](TActual actual, IResolveConstraint expression, String message, Object[] args) in C:\\src\\nunit\\nunit\\src\\NUnitFramework\\framework\\Assert.That.cs:line 248\r\n   at cdafn_base.AzDOIntegration.StepDefinitions.AzureDevOpsDemoSteps.WhenThePageIsSelected(String page) in C:\\Users\\Testing\\CSharpAgent\\_work\\1\\s\\cdafn-base\\AzDOIntegration\\StepDefinitions\\AzureDevOpsDemoSteps.cs:line 50\r\n   at TechTalk.SpecFlow.Bindings.BindingInvoker.InvokeBinding(IBinding binding, IContextManager contextManager, Object[] arguments, ITestTracer testTracer, TimeSpan& duration) in D:\\a\\1\\s\\TechTalk.SpecFlow\\Bindings\\BindingInvoker.cs:line 69\r\n   at Allure.SpecFlowPlugin.AllureBindingInvoker.InvokeBinding(IBinding binding, IContextManager contextManager, Object[] arguments, ITestTracer testTracer, TimeSpan& duration)\r\n   at TechTalk.SpecFlow.Infrastructure.TestExecutionEngine.ExecuteStepMatch(BindingMatch match, Object[] arguments) in D:\\a\\1\\s\\TechTalk.SpecFlow\\Infrastructure\\TestExecutionEngine.cs:line 517\r\n   at TechTalk.SpecFlow.Infrastructure.TestExecutionEngine.ExecuteStep(IContextManager contextManager, StepInstance stepInstance) in D:\\a\\1\\s\\TechTalk.SpecFlow\\Infrastructure\\TestExecutionEngine.cs:line 422",
  "flaky" : false,
  "newFailed" : false,
  "beforeStages" : [ {
    "name" : "Tags [10000]",
    "time" : {
      "start" : 1588860944544,
      "stop" : 1588860944544,
      "duration" : 0
    },
    "status" : "passed",
    "steps" : [ ],
    "attachments" : [ ],
    "parameters" : [ ],
    "shouldDisplayMessage" : false,
    "attachmentsCount" : 0,
    "hasContent" : false,
    "stepsCount" : 0
  }, {
    "name" : "BeforeScenario [10000]",
    "time" : {
      "start" : 1588860944544,
      "stop" : 1588860947460,
      "duration" : 2916
    },
    "status" : "passed",
    "steps" : [ ],
    "attachments" : [ ],
    "parameters" : [ ],
    "shouldDisplayMessage" : false,
    "attachmentsCount" : 0,
    "hasContent" : false,
    "stepsCount" : 0
  }, {
    "name" : "BeforeFeature [10000]",
    "time" : {
      "start" : 1588860939270,
      "stop" : 1588860939270,
      "duration" : 0
    },
    "status" : "passed",
    "steps" : [ ],
    "attachments" : [ ],
    "parameters" : [ ],
    "shouldDisplayMessage" : false,
    "attachmentsCount" : 0,
    "hasContent" : false,
    "stepsCount" : 0
  } ],
  "testStage" : {
    "status" : "failed",
    "statusMessage" : "  No page found with the given name: FixCo\r\n  Expected: not null\r\n  But was:  null\r\n",
    "statusTrace" : "NUnit.Framework.AssertionException:   No page found with the given name: FixCo\r\n  Expected: not null\r\n  But was:  null\r\n\r\n   at NUnit.Framework.Assert.ReportFailure(String message) in C:\\src\\nunit\\nunit\\src\\NUnitFramework\\framework\\Assert.cs:line 394\r\n   at NUnit.Framework.Assert.That[TActual](TActual actual, IResolveConstraint expression, String message, Object[] args) in C:\\src\\nunit\\nunit\\src\\NUnitFramework\\framework\\Assert.That.cs:line 248\r\n   at cdafn_base.AzDOIntegration.StepDefinitions.AzureDevOpsDemoSteps.WhenThePageIsSelected(String page) in C:\\Users\\Testing\\CSharpAgent\\_work\\1\\s\\cdafn-base\\AzDOIntegration\\StepDefinitions\\AzureDevOpsDemoSteps.cs:line 50\r\n   at TechTalk.SpecFlow.Bindings.BindingInvoker.InvokeBinding(IBinding binding, IContextManager contextManager, Object[] arguments, ITestTracer testTracer, TimeSpan& duration) in D:\\a\\1\\s\\TechTalk.SpecFlow\\Bindings\\BindingInvoker.cs:line 69\r\n   at Allure.SpecFlowPlugin.AllureBindingInvoker.InvokeBinding(IBinding binding, IContextManager contextManager, Object[] arguments, ITestTracer testTracer, TimeSpan& duration)\r\n   at TechTalk.SpecFlow.Infrastructure.TestExecutionEngine.ExecuteStepMatch(BindingMatch match, Object[] arguments) in D:\\a\\1\\s\\TechTalk.SpecFlow\\Infrastructure\\TestExecutionEngine.cs:line 517\r\n   at TechTalk.SpecFlow.Infrastructure.TestExecutionEngine.ExecuteStep(IContextManager contextManager, StepInstance stepInstance) in D:\\a\\1\\s\\TechTalk.SpecFlow\\Infrastructure\\TestExecutionEngine.cs:line 422",
    "steps" : [ {
      "name" : "Given  the customer is on the test target app",
      "time" : {
        "start" : 1588860947460,
        "stop" : 1588860947935,
        "duration" : 475
      },
      "status" : "passed",
      "steps" : [ ],
      "attachments" : [ ],
      "parameters" : [ ],
      "shouldDisplayMessage" : false,
      "attachmentsCount" : 0,
      "hasContent" : false,
      "stepsCount" : 0
    }, {
      "name" : "When  the 'FixCo' page is selected",
      "time" : {
        "start" : 1588860947935,
        "stop" : 1588860947983,
        "duration" : 48
      },
      "status" : "failed",
      "steps" : [ ],
      "attachments" : [ ],
      "parameters" : [ ],
      "shouldDisplayMessage" : false,
      "attachmentsCount" : 0,
      "hasContent" : false,
      "stepsCount" : 0
    }, {
      "name" : "Then  the page contains the phrase 'FixCo'",
      "time" : {
        "start" : 1588860947983,
        "stop" : 1588860947983,
        "duration" : 0
      },
      "status" : "skipped",
      "steps" : [ ],
      "attachments" : [ ],
      "parameters" : [ ],
      "shouldDisplayMessage" : false,
      "attachmentsCount" : 0,
      "hasContent" : false,
      "stepsCount" : 0
    } ],
    "attachments" : [ ],
    "parameters" : [ ],
    "shouldDisplayMessage" : true,
    "attachmentsCount" : 0,
    "hasContent" : true,
    "stepsCount" : 3
  },
  "afterStages" : [ {
    "name" : "AfterScenario [10000]",
    "time" : {
      "start" : 1588860947984,
      "stop" : 1588860948250,
      "duration" : 266
    },
    "status" : "passed",
    "steps" : [ ],
    "attachments" : [ ],
    "parameters" : [ ],
    "shouldDisplayMessage" : false,
    "attachmentsCount" : 0,
    "hasContent" : false,
    "stepsCount" : 0
  } ],
  "labels" : [ {
    "name" : "thread",
    "value" : "NonParallelWorker"
  }, {
    "name" : "host",
    "value" : "TACI-EUD-DP"
  }, {
    "name" : "feature",
    "value" : ""
  }, {
    "name" : "resultFormat",
    "value" : "allure2"
  } ],
  "parameters" : [ ],
  "links" : [ ],
  "hidden" : false,
  "retry" : false,
  "extra" : {
    "severity" : "normal",
    "retries" : [ {
      "uid" : "aaeffae2059d6552",
      "status" : "failed",
      "statusDetails" : "  No page found with the given name: Contact\r\n  Expected: not null\r\n  But was:  null\r\n",
      "time" : {
        "start" : 1588860942058,
        "stop" : 1588860944160,
        "duration" : 2102
      }
    }, {
      "uid" : "69718ceb3d0dcecd",
      "status" : "failed",
      "statusDetails" : "  No page found with the given name: FixCo\r\n  Expected: not null\r\n  But was:  null\r\n",
      "time" : {
        "start" : 1588847919996,
        "stop" : 1588847922126,
        "duration" : 2130
      }
    }, {
      "uid" : "6aecad0e3ac73ce3",
      "status" : "failed",
      "statusDetails" : "  No page found with the given name: Contact\r\n  Expected: not null\r\n  But was:  null\r\n",
      "time" : {
        "start" : 1588847915174,
        "stop" : 1588847917185,
        "duration" : 2011
      }
    }, {
      "uid" : "50f5319320d12ceb",
      "status" : "failed",
      "statusDetails" : "  No page found with the given name: FixCo\r\n  Expected: not null\r\n  But was:  null\r\n",
      "time" : {
        "start" : 1588781178195,
        "stop" : 1588781178521,
        "duration" : 326
      }
    }, {
      "uid" : "e6776a97e86cefa8",
      "status" : "failed",
      "statusDetails" : "  No page found with the given name: Contact\r\n  Expected: not null\r\n  But was:  null\r\n",
      "time" : {
        "start" : 1588781173587,
        "stop" : 1588781175699,
        "duration" : 2112
      }
    }, {
      "uid" : "1e71940085e5c3d5",
      "status" : "failed",
      "statusDetails" : "  No page found with the given name: FixCo\r\n  Expected: not null\r\n  But was:  null\r\n",
      "time" : {
        "start" : 1588781039084,
        "stop" : 1588781041163,
        "duration" : 2079
      }
    }, {
      "uid" : "f415e2c0f79bf59a",
      "status" : "failed",
      "statusDetails" : "  No page found with the given name: Contact\r\n  Expected: not null\r\n  But was:  null\r\n",
      "time" : {
        "start" : 1588781036319,
        "stop" : 1588781036686,
        "duration" : 367
      }
    }, {
      "uid" : "6de3f2c87a301e87",
      "status" : "failed",
      "statusDetails" : "  No page found with the given name: FixCo\r\n  Expected: not null\r\n  But was:  null\r\n",
      "time" : {
        "start" : 1588780568293,
        "stop" : 1588780568653,
        "duration" : 360
      }
    }, {
      "uid" : "c84e096bd92bdf6d",
      "status" : "failed",
      "statusDetails" : "  No page found with the given name: Contact\r\n  Expected: not null\r\n  But was:  null\r\n",
      "time" : {
        "start" : 1588780565474,
        "stop" : 1588780565863,
        "duration" : 389
      }
    } ],
    "categories" : [ {
      "name" : "Product defects",
      "matchedStatuses" : [ ],
      "flaky" : false
    } ],
    "tags" : [ ]
  },
  "source" : "6e103a8d041ad224.json",
  "parameterValues" : [ ]
}