{
  "uid" : "6e74fa5850acf2b9",
  "name" : "qwerty",
  "fullName" : "qwerty",
  "historyId" : "qwerty",
  "time" : {
    "start" : 1588869559641,
    "stop" : 1588869564339,
    "duration" : 4698
  },
  "status" : "failed",
  "statusMessage" : "  No page found with the given name: Contact\r\n  Expected: not null\r\n  But was:  null\r\n",
  "statusTrace" : "NUnit.Framework.AssertionException:   No page found with the given name: Contact\r\n  Expected: not null\r\n  But was:  null\r\n\r\n   at NUnit.Framework.Assert.ReportFailure(String message) in C:\\src\\nunit\\nunit\\src\\NUnitFramework\\framework\\Assert.cs:line 394\r\n   at NUnit.Framework.Assert.That[TActual](TActual actual, IResolveConstraint expression, String message, Object[] args) in C:\\src\\nunit\\nunit\\src\\NUnitFramework\\framework\\Assert.That.cs:line 248\r\n   at cdafn_base.AzDOIntegration.StepDefinitions.AzureDevOpsDemoSteps.WhenThePageIsSelected(String page) in C:\\Users\\Testing\\CSharpAgent\\_work\\1\\s\\cdafn-base\\AzDOIntegration\\StepDefinitions\\AzureDevOpsDemoSteps.cs:line 50\r\n   at TechTalk.SpecFlow.Bindings.BindingInvoker.InvokeBinding(IBinding binding, IContextManager contextManager, Object[] arguments, ITestTracer testTracer, TimeSpan& duration) in D:\\a\\1\\s\\TechTalk.SpecFlow\\Bindings\\BindingInvoker.cs:line 69\r\n   at Allure.SpecFlowPlugin.AllureBindingInvoker.InvokeBinding(IBinding binding, IContextManager contextManager, Object[] arguments, ITestTracer testTracer, TimeSpan& duration)\r\n   at TechTalk.SpecFlow.Infrastructure.TestExecutionEngine.ExecuteStepMatch(BindingMatch match, Object[] arguments) in D:\\a\\1\\s\\TechTalk.SpecFlow\\Infrastructure\\TestExecutionEngine.cs:line 517\r\n   at TechTalk.SpecFlow.Infrastructure.TestExecutionEngine.ExecuteStep(IContextManager contextManager, StepInstance stepInstance) in D:\\a\\1\\s\\TechTalk.SpecFlow\\Infrastructure\\TestExecutionEngine.cs:line 422",
  "flaky" : false,
  "newFailed" : false,
  "beforeStages" : [ {
    "name" : "Tags [10000]",
    "time" : {
      "start" : 1588869557170,
      "stop" : 1588869557170,
      "duration" : 0
    },
    "status" : "passed",
    "steps" : [ ],
    "attachments" : [ ],
    "parameters" : [ ],
    "attachmentsCount" : 0,
    "shouldDisplayMessage" : false,
    "stepsCount" : 0,
    "hasContent" : false
  }, {
    "name" : "BeforeScenario [10000]",
    "time" : {
      "start" : 1588869557170,
      "stop" : 1588869559585,
      "duration" : 2415
    },
    "status" : "passed",
    "steps" : [ ],
    "attachments" : [ ],
    "parameters" : [ ],
    "attachmentsCount" : 0,
    "shouldDisplayMessage" : false,
    "stepsCount" : 0,
    "hasContent" : false
  }, {
    "name" : "BeforeFeature [10000]",
    "time" : {
      "start" : 1588869550361,
      "stop" : 1588869550367,
      "duration" : 6
    },
    "status" : "passed",
    "steps" : [ ],
    "attachments" : [ ],
    "parameters" : [ ],
    "attachmentsCount" : 0,
    "shouldDisplayMessage" : false,
    "stepsCount" : 0,
    "hasContent" : false
  } ],
  "testStage" : {
    "status" : "failed",
    "statusMessage" : "  No page found with the given name: Contact\r\n  Expected: not null\r\n  But was:  null\r\n",
    "statusTrace" : "NUnit.Framework.AssertionException:   No page found with the given name: Contact\r\n  Expected: not null\r\n  But was:  null\r\n\r\n   at NUnit.Framework.Assert.ReportFailure(String message) in C:\\src\\nunit\\nunit\\src\\NUnitFramework\\framework\\Assert.cs:line 394\r\n   at NUnit.Framework.Assert.That[TActual](TActual actual, IResolveConstraint expression, String message, Object[] args) in C:\\src\\nunit\\nunit\\src\\NUnitFramework\\framework\\Assert.That.cs:line 248\r\n   at cdafn_base.AzDOIntegration.StepDefinitions.AzureDevOpsDemoSteps.WhenThePageIsSelected(String page) in C:\\Users\\Testing\\CSharpAgent\\_work\\1\\s\\cdafn-base\\AzDOIntegration\\StepDefinitions\\AzureDevOpsDemoSteps.cs:line 50\r\n   at TechTalk.SpecFlow.Bindings.BindingInvoker.InvokeBinding(IBinding binding, IContextManager contextManager, Object[] arguments, ITestTracer testTracer, TimeSpan& duration) in D:\\a\\1\\s\\TechTalk.SpecFlow\\Bindings\\BindingInvoker.cs:line 69\r\n   at Allure.SpecFlowPlugin.AllureBindingInvoker.InvokeBinding(IBinding binding, IContextManager contextManager, Object[] arguments, ITestTracer testTracer, TimeSpan& duration)\r\n   at TechTalk.SpecFlow.Infrastructure.TestExecutionEngine.ExecuteStepMatch(BindingMatch match, Object[] arguments) in D:\\a\\1\\s\\TechTalk.SpecFlow\\Infrastructure\\TestExecutionEngine.cs:line 517\r\n   at TechTalk.SpecFlow.Infrastructure.TestExecutionEngine.ExecuteStep(IContextManager contextManager, StepInstance stepInstance) in D:\\a\\1\\s\\TechTalk.SpecFlow\\Infrastructure\\TestExecutionEngine.cs:line 422",
    "steps" : [ {
      "name" : "Given  the customer is on the test target app",
      "time" : {
        "start" : 1588869559641,
        "stop" : 1588869564196,
        "duration" : 4555
      },
      "status" : "passed",
      "steps" : [ ],
      "attachments" : [ ],
      "parameters" : [ ],
      "attachmentsCount" : 0,
      "shouldDisplayMessage" : false,
      "stepsCount" : 0,
      "hasContent" : false
    }, {
      "name" : "When  the 'Contact' page is selected",
      "time" : {
        "start" : 1588869564199,
        "stop" : 1588869564331,
        "duration" : 132
      },
      "status" : "failed",
      "steps" : [ ],
      "attachments" : [ ],
      "parameters" : [ ],
      "attachmentsCount" : 0,
      "shouldDisplayMessage" : false,
      "stepsCount" : 0,
      "hasContent" : false
    }, {
      "name" : "Then  the page contains the phrase 'Contact'",
      "time" : {
        "start" : 1588869564332,
        "stop" : 1588869564333,
        "duration" : 1
      },
      "status" : "skipped",
      "steps" : [ ],
      "attachments" : [ ],
      "parameters" : [ ],
      "attachmentsCount" : 0,
      "shouldDisplayMessage" : false,
      "stepsCount" : 0,
      "hasContent" : false
    } ],
    "attachments" : [ ],
    "parameters" : [ ],
    "attachmentsCount" : 0,
    "shouldDisplayMessage" : true,
    "stepsCount" : 3,
    "hasContent" : true
  },
  "afterStages" : [ {
    "name" : "AfterScenario [10000]",
    "time" : {
      "start" : 1588869564339,
      "stop" : 1588869564539,
      "duration" : 200
    },
    "status" : "passed",
    "steps" : [ ],
    "attachments" : [ ],
    "parameters" : [ ],
    "attachmentsCount" : 0,
    "shouldDisplayMessage" : false,
    "stepsCount" : 0,
    "hasContent" : false
  } ],
  "labels" : [ {
    "name" : "thread",
    "value" : "NonParallelWorker"
  }, {
    "name" : "host",
    "value" : "TACI-EUD-DP"
  }, {
    "name" : "feature",
    "value" : "aa"
  }, {
    "name" : "tag",
    "value" : "web"
  }, {
    "name" : "resultFormat",
    "value" : "allure2"
  } ],
  "parameters" : [ ],
  "links" : [ ],
  "hidden" : false,
  "retry" : false,
  "extra" : {
    "severity" : "normal",
    "retries" : [ {
      "uid" : "18b8669ec42e5eab",
      "status" : "failed",
      "statusDetails" : "  No page found with the given name: Contact\r\n  Expected: not null\r\n  But was:  null\r\n",
      "time" : {
        "start" : 1588866533958,
        "stop" : 1588866537558,
        "duration" : 3600
      }
    }, {
      "uid" : "ca9998f8706eb86",
      "status" : "failed",
      "statusDetails" : "  No page found with the given name: Contact\r\n  Expected: not null\r\n  But was:  null\r\n",
      "time" : {
        "start" : 1588860933055,
        "stop" : 1588860938477,
        "duration" : 5422
      }
    }, {
      "uid" : "b5b9a31e67e54c3f",
      "status" : "failed",
      "statusDetails" : "  No page found with the given name: Contact\r\n  Expected: not null\r\n  But was:  null\r\n",
      "time" : {
        "start" : 1588847903477,
        "stop" : 1588847912095,
        "duration" : 8618
      }
    }, {
      "uid" : "1878c1ba9d014df5",
      "status" : "failed",
      "statusDetails" : "  No page found with the given name: Contact\r\n  Expected: not null\r\n  But was:  null\r\n",
      "time" : {
        "start" : 1588781168925,
        "stop" : 1588781170890,
        "duration" : 1965
      }
    }, {
      "uid" : "93d407ac63b3ff5b",
      "status" : "failed",
      "statusDetails" : "  No page found with the given name: Contact\r\n  Expected: not null\r\n  But was:  null\r\n",
      "time" : {
        "start" : 1588781031196,
        "stop" : 1588781033571,
        "duration" : 2375
      }
    }, {
      "uid" : "6d7778da8f32aa11",
      "status" : "failed",
      "statusDetails" : "  No page found with the given name: Contact\r\n  Expected: not null\r\n  But was:  null\r\n",
      "time" : {
        "start" : 1588780562037,
        "stop" : 1588780562686,
        "duration" : 649
      }
    } ],
    "categories" : [ {
      "name" : "Product defects",
      "matchedStatuses" : [ ],
      "flaky" : false
    } ],
    "tags" : [ "web" ]
  },
  "source" : "6e74fa5850acf2b9.json",
  "parameterValues" : [ ]
}